<?xml version="1.0" encoding="UTF-8"?><testrun name="TestRunner" project="CompareRetailFunds" tests="8" started="8" failures="0" errors="4" ignored="8">
  <testsuite name="runner.TestRunner">
    <testsuite name="Feature: Compare Retail Funds">
      <testsuite name="Scenario: Select all four funds from one button click and be able to Compare Retail Funds" time="0.0" incomplete="true">
        <error>java.lang.NullPointerException&#13;
	at hooks.CucumberBindings.initializeBrowser(CucumberBindings.java:40)&#13;
	at sun.reflect.NativeMethodAccessorImpl.invoke0(Native Method)&#13;
	at sun.reflect.NativeMethodAccessorImpl.invoke(Unknown Source)&#13;
	at sun.reflect.DelegatingMethodAccessorImpl.invoke(Unknown Source)&#13;
	at java.lang.reflect.Method.invoke(Unknown Source)&#13;
	at cucumber.runtime.Utils$1.call(Utils.java:40)&#13;
	at cucumber.runtime.Timeout.timeout(Timeout.java:16)&#13;
	at cucumber.runtime.Utils.invoke(Utils.java:34)&#13;
	at cucumber.runtime.java.JavaHookDefinition.execute(JavaHookDefinition.java:60)&#13;
	at cucumber.runtime.Runtime.runHookIfTagsMatch(Runtime.java:224)&#13;
	at cucumber.runtime.Runtime.runHooks(Runtime.java:212)&#13;
	at cucumber.runtime.Runtime.runBeforeHooks(Runtime.java:202)&#13;
	at cucumber.runtime.model.CucumberScenario.run(CucumberScenario.java:40)&#13;
	at cucumber.runtime.junit.ExecutionUnitRunner.run(ExecutionUnitRunner.java:102)&#13;
	at cucumber.runtime.junit.FeatureRunner.runChild(FeatureRunner.java:63)&#13;
	at cucumber.runtime.junit.FeatureRunner.runChild(FeatureRunner.java:18)&#13;
	at org.junit.runners.ParentRunner$3.run(ParentRunner.java:290)&#13;
	at org.junit.runners.ParentRunner$1.schedule(ParentRunner.java:71)&#13;
	at org.junit.runners.ParentRunner.runChildren(ParentRunner.java:288)&#13;
	at org.junit.runners.ParentRunner.access$000(ParentRunner.java:58)&#13;
	at org.junit.runners.ParentRunner$2.evaluate(ParentRunner.java:268)&#13;
	at org.junit.runners.ParentRunner.run(ParentRunner.java:363)&#13;
	at cucumber.runtime.junit.FeatureRunner.run(FeatureRunner.java:70)&#13;
	at cucumber.api.junit.Cucumber.runChild(Cucumber.java:95)&#13;
	at cucumber.api.junit.Cucumber.runChild(Cucumber.java:38)&#13;
	at org.junit.runners.ParentRunner$3.run(ParentRunner.java:290)&#13;
	at org.junit.runners.ParentRunner$1.schedule(ParentRunner.java:71)&#13;
	at org.junit.runners.ParentRunner.runChildren(ParentRunner.java:288)&#13;
	at org.junit.runners.ParentRunner.access$000(ParentRunner.java:58)&#13;
	at org.junit.runners.ParentRunner$2.evaluate(ParentRunner.java:268)&#13;
	at org.junit.runners.ParentRunner.run(ParentRunner.java:363)&#13;
	at cucumber.api.junit.Cucumber.run(Cucumber.java:100)&#13;
	at org.eclipse.jdt.internal.junit4.runner.JUnit4TestReference.run(JUnit4TestReference.java:89)&#13;
	at org.eclipse.jdt.internal.junit.runner.TestExecution.run(TestExecution.java:41)&#13;
	at org.eclipse.jdt.internal.junit.runner.RemoteTestRunner.runTests(RemoteTestRunner.java:541)&#13;
	at org.eclipse.jdt.internal.junit.runner.RemoteTestRunner.runTests(RemoteTestRunner.java:763)&#13;
	at org.eclipse.jdt.internal.junit.runner.RemoteTestRunner.run(RemoteTestRunner.java:463)&#13;
	at org.eclipse.jdt.internal.junit.runner.RemoteTestRunner.main(RemoteTestRunner.java:209)&#13;
&#13;
java.lang.NullPointerException&#13;
	at hooks.CucumberBindings.closeBrowser(CucumberBindings.java:73)&#13;
	at sun.reflect.NativeMethodAccessorImpl.invoke0(Native Method)&#13;
	at sun.reflect.NativeMethodAccessorImpl.invoke(Unknown Source)&#13;
	at sun.reflect.DelegatingMethodAccessorImpl.invoke(Unknown Source)&#13;
	at java.lang.reflect.Method.invoke(Unknown Source)&#13;
	at cucumber.runtime.Utils$1.call(Utils.java:40)&#13;
	at cucumber.runtime.Timeout.timeout(Timeout.java:16)&#13;
	at cucumber.runtime.Utils.invoke(Utils.java:34)&#13;
	at cucumber.runtime.java.JavaHookDefinition.execute(JavaHookDefinition.java:60)&#13;
	at cucumber.runtime.Runtime.runHookIfTagsMatch(Runtime.java:224)&#13;
	at cucumber.runtime.Runtime.runHooks(Runtime.java:212)&#13;
	at cucumber.runtime.Runtime.runAfterHooks(Runtime.java:206)&#13;
	at cucumber.runtime.model.CucumberScenario.run(CucumberScenario.java:46)&#13;
	at cucumber.runtime.junit.ExecutionUnitRunner.run(ExecutionUnitRunner.java:102)&#13;
	at cucumber.runtime.junit.FeatureRunner.runChild(FeatureRunner.java:63)&#13;
	at cucumber.runtime.junit.FeatureRunner.runChild(FeatureRunner.java:18)&#13;
	at org.junit.runners.ParentRunner$3.run(ParentRunner.java:290)&#13;
	at org.junit.runners.ParentRunner$1.schedule(ParentRunner.java:71)&#13;
	at org.junit.runners.ParentRunner.runChildren(ParentRunner.java:288)&#13;
	at org.junit.runners.ParentRunner.access$000(ParentRunner.java:58)&#13;
	at org.junit.runners.ParentRunner$2.evaluate(ParentRunner.java:268)&#13;
	at org.junit.runners.ParentRunner.run(ParentRunner.java:363)&#13;
	at cucumber.runtime.junit.FeatureRunner.run(FeatureRunner.java:70)&#13;
	at cucumber.api.junit.Cucumber.runChild(Cucumber.java:95)&#13;
	at cucumber.api.junit.Cucumber.runChild(Cucumber.java:38)&#13;
	at org.junit.runners.ParentRunner$3.run(ParentRunner.java:290)&#13;
	at org.junit.runners.ParentRunner$1.schedule(ParentRunner.java:71)&#13;
	at org.junit.runners.ParentRunner.runChildren(ParentRunner.java:288)&#13;
	at org.junit.runners.ParentRunner.access$000(ParentRunner.java:58)&#13;
	at org.junit.runners.ParentRunner$2.evaluate(ParentRunner.java:268)&#13;
	at org.junit.runners.ParentRunner.run(ParentRunner.java:363)&#13;
	at cucumber.api.junit.Cucumber.run(Cucumber.java:100)&#13;
	at org.eclipse.jdt.internal.junit4.runner.JUnit4TestReference.run(JUnit4TestReference.java:89)&#13;
	at org.eclipse.jdt.internal.junit.runner.TestExecution.run(TestExecution.java:41)&#13;
	at org.eclipse.jdt.internal.junit.runner.RemoteTestRunner.runTests(RemoteTestRunner.java:541)&#13;
	at org.eclipse.jdt.internal.junit.runner.RemoteTestRunner.runTests(RemoteTestRunner.java:763)&#13;
	at org.eclipse.jdt.internal.junit.runner.RemoteTestRunner.run(RemoteTestRunner.java:463)&#13;
	at org.eclipse.jdt.internal.junit.runner.RemoteTestRunner.main(RemoteTestRunner.java:209)&#13;
&#13;
</error>
        <testcase name="Given I am a Vanguard User and on HomePage" classname="Scenario: Select all four funds from one button click and be able to Compare Retail Funds" time="0.0" ignored="true"/>
        <testcase name="When I Navigate to Individual &amp; SMSF Investors" classname="Scenario: Select all four funds from one button click and be able to Compare Retail Funds" time="0.0" ignored="true"/>
        <testcase name="And Click on Fund Compare" classname="Scenario: Select all four funds from one button click and be able to Compare Retail Funds" time="0.0" ignored="true"/>
        <testcase name="Then I should be able to compare 4 Retail funds by clicking one Add Funds button" classname="Scenario: Select all four funds from one button click and be able to Compare Retail Funds" time="0.0" ignored="true"/>
      </testsuite>
      <testsuite name="Scenario: Select fund from each Add Funds button click and be able to Compare Retail Funds" time="0.0" incomplete="true">
        <error>java.lang.NullPointerException&#13;
	at hooks.CucumberBindings.initializeBrowser(CucumberBindings.java:40)&#13;
	at sun.reflect.NativeMethodAccessorImpl.invoke0(Native Method)&#13;
	at sun.reflect.NativeMethodAccessorImpl.invoke(Unknown Source)&#13;
	at sun.reflect.DelegatingMethodAccessorImpl.invoke(Unknown Source)&#13;
	at java.lang.reflect.Method.invoke(Unknown Source)&#13;
	at cucumber.runtime.Utils$1.call(Utils.java:40)&#13;
	at cucumber.runtime.Timeout.timeout(Timeout.java:16)&#13;
	at cucumber.runtime.Utils.invoke(Utils.java:34)&#13;
	at cucumber.runtime.java.JavaHookDefinition.execute(JavaHookDefinition.java:60)&#13;
	at cucumber.runtime.Runtime.runHookIfTagsMatch(Runtime.java:224)&#13;
	at cucumber.runtime.Runtime.runHooks(Runtime.java:212)&#13;
	at cucumber.runtime.Runtime.runBeforeHooks(Runtime.java:202)&#13;
	at cucumber.runtime.model.CucumberScenario.run(CucumberScenario.java:40)&#13;
	at cucumber.runtime.junit.ExecutionUnitRunner.run(ExecutionUnitRunner.java:102)&#13;
	at cucumber.runtime.junit.FeatureRunner.runChild(FeatureRunner.java:63)&#13;
	at cucumber.runtime.junit.FeatureRunner.runChild(FeatureRunner.java:18)&#13;
	at org.junit.runners.ParentRunner$3.run(ParentRunner.java:290)&#13;
	at org.junit.runners.ParentRunner$1.schedule(ParentRunner.java:71)&#13;
	at org.junit.runners.ParentRunner.runChildren(ParentRunner.java:288)&#13;
	at org.junit.runners.ParentRunner.access$000(ParentRunner.java:58)&#13;
	at org.junit.runners.ParentRunner$2.evaluate(ParentRunner.java:268)&#13;
	at org.junit.runners.ParentRunner.run(ParentRunner.java:363)&#13;
	at cucumber.runtime.junit.FeatureRunner.run(FeatureRunner.java:70)&#13;
	at cucumber.api.junit.Cucumber.runChild(Cucumber.java:95)&#13;
	at cucumber.api.junit.Cucumber.runChild(Cucumber.java:38)&#13;
	at org.junit.runners.ParentRunner$3.run(ParentRunner.java:290)&#13;
	at org.junit.runners.ParentRunner$1.schedule(ParentRunner.java:71)&#13;
	at org.junit.runners.ParentRunner.runChildren(ParentRunner.java:288)&#13;
	at org.junit.runners.ParentRunner.access$000(ParentRunner.java:58)&#13;
	at org.junit.runners.ParentRunner$2.evaluate(ParentRunner.java:268)&#13;
	at org.junit.runners.ParentRunner.run(ParentRunner.java:363)&#13;
	at cucumber.api.junit.Cucumber.run(Cucumber.java:100)&#13;
	at org.eclipse.jdt.internal.junit4.runner.JUnit4TestReference.run(JUnit4TestReference.java:89)&#13;
	at org.eclipse.jdt.internal.junit.runner.TestExecution.run(TestExecution.java:41)&#13;
	at org.eclipse.jdt.internal.junit.runner.RemoteTestRunner.runTests(RemoteTestRunner.java:541)&#13;
	at org.eclipse.jdt.internal.junit.runner.RemoteTestRunner.runTests(RemoteTestRunner.java:763)&#13;
	at org.eclipse.jdt.internal.junit.runner.RemoteTestRunner.run(RemoteTestRunner.java:463)&#13;
	at org.eclipse.jdt.internal.junit.runner.RemoteTestRunner.main(RemoteTestRunner.java:209)&#13;
&#13;
java.lang.NullPointerException&#13;
	at hooks.CucumberBindings.closeBrowser(CucumberBindings.java:73)&#13;
	at sun.reflect.NativeMethodAccessorImpl.invoke0(Native Method)&#13;
	at sun.reflect.NativeMethodAccessorImpl.invoke(Unknown Source)&#13;
	at sun.reflect.DelegatingMethodAccessorImpl.invoke(Unknown Source)&#13;
	at java.lang.reflect.Method.invoke(Unknown Source)&#13;
	at cucumber.runtime.Utils$1.call(Utils.java:40)&#13;
	at cucumber.runtime.Timeout.timeout(Timeout.java:16)&#13;
	at cucumber.runtime.Utils.invoke(Utils.java:34)&#13;
	at cucumber.runtime.java.JavaHookDefinition.execute(JavaHookDefinition.java:60)&#13;
	at cucumber.runtime.Runtime.runHookIfTagsMatch(Runtime.java:224)&#13;
	at cucumber.runtime.Runtime.runHooks(Runtime.java:212)&#13;
	at cucumber.runtime.Runtime.runAfterHooks(Runtime.java:206)&#13;
	at cucumber.runtime.model.CucumberScenario.run(CucumberScenario.java:46)&#13;
	at cucumber.runtime.junit.ExecutionUnitRunner.run(ExecutionUnitRunner.java:102)&#13;
	at cucumber.runtime.junit.FeatureRunner.runChild(FeatureRunner.java:63)&#13;
	at cucumber.runtime.junit.FeatureRunner.runChild(FeatureRunner.java:18)&#13;
	at org.junit.runners.ParentRunner$3.run(ParentRunner.java:290)&#13;
	at org.junit.runners.ParentRunner$1.schedule(ParentRunner.java:71)&#13;
	at org.junit.runners.ParentRunner.runChildren(ParentRunner.java:288)&#13;
	at org.junit.runners.ParentRunner.access$000(ParentRunner.java:58)&#13;
	at org.junit.runners.ParentRunner$2.evaluate(ParentRunner.java:268)&#13;
	at org.junit.runners.ParentRunner.run(ParentRunner.java:363)&#13;
	at cucumber.runtime.junit.FeatureRunner.run(FeatureRunner.java:70)&#13;
	at cucumber.api.junit.Cucumber.runChild(Cucumber.java:95)&#13;
	at cucumber.api.junit.Cucumber.runChild(Cucumber.java:38)&#13;
	at org.junit.runners.ParentRunner$3.run(ParentRunner.java:290)&#13;
	at org.junit.runners.ParentRunner$1.schedule(ParentRunner.java:71)&#13;
	at org.junit.runners.ParentRunner.runChildren(ParentRunner.java:288)&#13;
	at org.junit.runners.ParentRunner.access$000(ParentRunner.java:58)&#13;
	at org.junit.runners.ParentRunner$2.evaluate(ParentRunner.java:268)&#13;
	at org.junit.runners.ParentRunner.run(ParentRunner.java:363)&#13;
	at cucumber.api.junit.Cucumber.run(Cucumber.java:100)&#13;
	at org.eclipse.jdt.internal.junit4.runner.JUnit4TestReference.run(JUnit4TestReference.java:89)&#13;
	at org.eclipse.jdt.internal.junit.runner.TestExecution.run(TestExecution.java:41)&#13;
	at org.eclipse.jdt.internal.junit.runner.RemoteTestRunner.runTests(RemoteTestRunner.java:541)&#13;
	at org.eclipse.jdt.internal.junit.runner.RemoteTestRunner.runTests(RemoteTestRunner.java:763)&#13;
	at org.eclipse.jdt.internal.junit.runner.RemoteTestRunner.run(RemoteTestRunner.java:463)&#13;
	at org.eclipse.jdt.internal.junit.runner.RemoteTestRunner.main(RemoteTestRunner.java:209)&#13;
&#13;
</error>
        <testcase name="Given I am a Vanguard User and on HomePage" classname="Scenario: Select fund from each Add Funds button click and be able to Compare Retail Funds" time="0.0" ignored="true"/>
        <testcase name="When I Navigate to Individual &amp; SMSF Investors" classname="Scenario: Select fund from each Add Funds button click and be able to Compare Retail Funds" time="0.0" ignored="true"/>
        <testcase name="And Click on Fund Compare" classname="Scenario: Select fund from each Add Funds button click and be able to Compare Retail Funds" time="0.0" ignored="true"/>
        <testcase name="Then I should be able to compare 4 Retail funds by clicking all Add Funds buttons" classname="Scenario: Select fund from each Add Funds button click and be able to Compare Retail Funds" time="0.0" ignored="true"/>
      </testsuite>
    </testsuite>
  </testsuite>
</testrun>
